{
  "0 debug pnpm:scope": {
    "selected": 1
  },
  "1 error pnpm": {
    "code": "ELIFECYCLE",
    "errno": "ENOENT",
    "syscall": "spawn",
    "file": "sh",
    "pkgid": "app-timer-job@1.0.0",
    "stage": "web",
    "script": "expo start --web",
    "pkgname": "app-timer-job",
    "err": {
      "name": "pnpm",
      "message": "app-timer-job@1.0.0 web: `expo start --web`\nspawn ENOENT",
      "code": "ELIFECYCLE",
      "stack": "pnpm: app-timer-job@1.0.0 web: `expo start --web`\nspawn ENOENT\n    at ChildProcess.<anonymous> (/Users/sunwenlong/pnpm-global/5/node_modules/.pnpm/pnpm@7.1.9/node_modules/pnpm/dist/pnpm.cjs:93535:22)\n    at ChildProcess.emit (node:events:526:28)\n    at maybeClose (node:internal/child_process:1092:16)\n    at Process.ChildProcess._handle.onexit (node:internal/child_process:302:5)"
    }
  },
  "2 warn pnpm:global": " Local package.json exists, but node_modules missing, did you mean to install?"
}